{"C:\\Claude_Project\\ucosa-na\\src\\db.js": {"path":"C:\\Claude_Project\\ucosa-na\\src\\db.js","statementMap":{"0":{"start":{"line":1,"column":17},"end":{"line":1,"column":42}},"1":{"start":{"line":2,"column":13},"end":{"line":2,"column":28}},"2":{"start":{"line":3,"column":11},"end":{"line":3,"column":24}},"3":{"start":{"line":5,"column":15},"end":{"line":5,"column":69}},"4":{"start":{"line":6,"column":0},"end":{"line":6,"column":70}},"5":{"start":{"line":6,"column":28},"end":{"line":6,"column":70}},"6":{"start":{"line":8,"column":11},"end":{"line":8,"column":54}},"7":{"start":{"line":10,"column":0},"end":{"line":20,"column":3}},"8":{"start":{"line":22,"column":0},"end":{"line":22,"column":20}}},"fnMap":{},"branchMap":{"0":{"loc":{"start":{"line":5,"column":15},"end":{"line":5,"column":69}},"type":"binary-expr","locations":[{"start":{"line":5,"column":15},"end":{"line":5,"column":34}},{"start":{"line":5,"column":38},"end":{"line":5,"column":69}}],"line":5},"1":{"loc":{"start":{"line":6,"column":0},"end":{"line":6,"column":70}},"type":"if","locations":[{"start":{"line":6,"column":0},"end":{"line":6,"column":70}},{"start":{},"end":{}}],"line":6}},"s":{"0":1,"1":1,"2":1,"3":1,"4":1,"5":0,"6":1,"7":1,"8":1},"f":{},"b":{"0":[1,1],"1":[0,1]},"_coverageSchema":"1a1c01bbd47fc00a2c39e90264f33305004495a9","hash":"55075dbd5cc4f9e2dae3827d5928e69ad9506a33"}
,"C:\\Claude_Project\\ucosa-na\\src\\index.js": {"path":"C:\\Claude_Project\\ucosa-na\\src\\index.js","statementMap":{"0":{"start":{"line":1,"column":0},"end":{"line":1,"column":27}},"1":{"start":{"line":2,"column":16},"end":{"line":2,"column":34}},"2":{"start":{"line":3,"column":15},"end":{"line":3,"column":32}},"3":{"start":{"line":4,"column":13},"end":{"line":4,"column":28}},"4":{"start":{"line":5,"column":18},"end":{"line":5,"column":47}},"5":{"start":{"line":6,"column":13},"end":{"line":6,"column":28}},"6":{"start":{"line":8,"column":12},"end":{"line":8,"column":21}},"7":{"start":{"line":9,"column":13},"end":{"line":9,"column":37}},"8":{"start":{"line":11,"column":0},"end":{"line":11,"column":50}},"9":{"start":{"line":12,"column":0},"end":{"line":12,"column":16}},"10":{"start":{"line":13,"column":0},"end":{"line":13,"column":24}},"11":{"start":{"line":14,"column":0},"end":{"line":14,"column":59}},"12":{"start":{"line":17,"column":20},"end":{"line":17,"column":126}},"13":{"start":{"line":18,"column":0},"end":{"line":18,"column":34}},"14":{"start":{"line":21,"column":0},"end":{"line":21,"column":47}},"15":{"start":{"line":22,"column":0},"end":{"line":22,"column":49}},"16":{"start":{"line":24,"column":0},"end":{"line":26,"column":3}},"17":{"start":{"line":25,"column":2},"end":{"line":25,"column":104}},"18":{"start":{"line":28,"column":0},"end":{"line":31,"column":3}},"19":{"start":{"line":29,"column":2},"end":{"line":29,"column":88}},"20":{"start":{"line":29,"column":36},"end":{"line":29,"column":88}},"21":{"start":{"line":30,"column":2},"end":{"line":30,"column":73}},"22":{"start":{"line":33,"column":15},"end":{"line":35,"column":2}},"23":{"start":{"line":34,"column":2},"end":{"line":34,"column":91}},"24":{"start":{"line":37,"column":0},"end":{"line":37,"column":33}}},"fnMap":{"0":{"name":"(anonymous_0)","decl":{"start":{"line":24,"column":19},"end":{"line":24,"column":20}},"loc":{"start":{"line":24,"column":33},"end":{"line":26,"column":1}},"line":24},"1":{"name":"(anonymous_1)","decl":{"start":{"line":28,"column":8},"end":{"line":28,"column":9}},"loc":{"start":{"line":28,"column":22},"end":{"line":31,"column":1}},"line":28},"2":{"name":"(anonymous_2)","decl":{"start":{"line":33,"column":32},"end":{"line":33,"column":33}},"loc":{"start":{"line":33,"column":38},"end":{"line":35,"column":1}},"line":33}},"branchMap":{"0":{"loc":{"start":{"line":9,"column":13},"end":{"line":9,"column":37}},"type":"binary-expr","locations":[{"start":{"line":9,"column":13},"end":{"line":9,"column":29}},{"start":{"line":9,"column":33},"end":{"line":9,"column":37}}],"line":9},"1":{"loc":{"start":{"line":29,"column":2},"end":{"line":29,"column":88}},"type":"if","locations":[{"start":{"line":29,"column":2},"end":{"line":29,"column":88}},{"start":{},"end":{}}],"line":29},"2":{"loc":{"start":{"line":34,"column":49},"end":{"line":34,"column":86}},"type":"binary-expr","locations":[{"start":{"line":34,"column":49},"end":{"line":34,"column":69}},{"start":{"line":34,"column":73},"end":{"line":34,"column":86}}],"line":34}},"s":{"0":1,"1":1,"2":1,"3":1,"4":1,"5":1,"6":1,"7":1,"8":1,"9":1,"10":1,"11":1,"12":1,"13":1,"14":1,"15":1,"16":1,"17":1,"18":1,"19":1,"20":1,"21":0,"22":1,"23":1,"24":1},"f":{"0":1,"1":1,"2":1},"b":{"0":[1,1],"1":[1,0],"2":[1,0]},"_coverageSchema":"1a1c01bbd47fc00a2c39e90264f33305004495a9","hash":"97f5678d75756737624c3f4271a4d0a5194aede5"}
,"C:\\Claude_Project\\ucosa-na\\src\\middleware\\requireAdmin.js": {"path":"C:\\Claude_Project\\ucosa-na\\src\\middleware\\requireAdmin.js","statementMap":{"0":{"start":{"line":1,"column":20},"end":{"line":1,"column":44}},"1":{"start":{"line":3,"column":0},"end":{"line":10,"column":2}},"2":{"start":{"line":4,"column":2},"end":{"line":9,"column":5}},"3":{"start":{"line":5,"column":4},"end":{"line":7,"column":5}},"4":{"start":{"line":6,"column":6},"end":{"line":6,"column":70}},"5":{"start":{"line":8,"column":4},"end":{"line":8,"column":11}}},"fnMap":{"0":{"name":"requireAdmin","decl":{"start":{"line":3,"column":26},"end":{"line":3,"column":38}},"loc":{"start":{"line":3,"column":55},"end":{"line":10,"column":1}},"line":3},"1":{"name":"(anonymous_1)","decl":{"start":{"line":4,"column":24},"end":{"line":4,"column":25}},"loc":{"start":{"line":4,"column":30},"end":{"line":9,"column":3}},"line":4}},"branchMap":{"0":{"loc":{"start":{"line":5,"column":4},"end":{"line":7,"column":5}},"type":"if","locations":[{"start":{"line":5,"column":4},"end":{"line":7,"column":5}},{"start":{},"end":{}}],"line":5}},"s":{"0":1,"1":1,"2":1,"3":0,"4":0,"5":0},"f":{"0":1,"1":0},"b":{"0":[0,0]},"_coverageSchema":"1a1c01bbd47fc00a2c39e90264f33305004495a9","hash":"d3ed63616ad3f64957b8a4944dc5c3b53c8ddd61"}
,"C:\\Claude_Project\\ucosa-na\\src\\middleware\\requireAuth.js": {"path":"C:\\Claude_Project\\ucosa-na\\src\\middleware\\requireAuth.js","statementMap":{"0":{"start":{"line":1,"column":12},"end":{"line":1,"column":35}},"1":{"start":{"line":3,"column":0},"end":{"line":14,"column":2}},"2":{"start":{"line":4,"column":15},"end":{"line":4,"column":40}},"3":{"start":{"line":5,"column":2},"end":{"line":7,"column":3}},"4":{"start":{"line":6,"column":4},"end":{"line":6,"column":59}},"5":{"start":{"line":8,"column":2},"end":{"line":13,"column":3}},"6":{"start":{"line":9,"column":4},"end":{"line":9,"column":65}},"7":{"start":{"line":10,"column":4},"end":{"line":10,"column":11}},"8":{"start":{"line":12,"column":4},"end":{"line":12,"column":64}}},"fnMap":{"0":{"name":"requireAuth","decl":{"start":{"line":3,"column":26},"end":{"line":3,"column":37}},"loc":{"start":{"line":3,"column":54},"end":{"line":14,"column":1}},"line":3}},"branchMap":{"0":{"loc":{"start":{"line":5,"column":2},"end":{"line":7,"column":3}},"type":"if","locations":[{"start":{"line":5,"column":2},"end":{"line":7,"column":3}},{"start":{},"end":{}}],"line":5},"1":{"loc":{"start":{"line":5,"column":6},"end":{"line":5,"column":42}},"type":"binary-expr","locations":[{"start":{"line":5,"column":6},"end":{"line":5,"column":11}},{"start":{"line":5,"column":15},"end":{"line":5,"column":42}}],"line":5}},"s":{"0":1,"1":1,"2":3,"3":3,"4":2,"5":1,"6":1,"7":0,"8":1},"f":{"0":3},"b":{"0":[2,1],"1":[3,1]},"_coverageSchema":"1a1c01bbd47fc00a2c39e90264f33305004495a9","hash":"4ff9ec2b4895f81d3f95f902153507113ffc835b"}
,"C:\\Claude_Project\\ucosa-na\\src\\routes\\admin.js": {"path":"C:\\Claude_Project\\ucosa-na\\src\\routes\\admin.js","statementMap":{"0":{"start":{"line":1,"column":16},"end":{"line":1,"column":34}},"1":{"start":{"line":2,"column":15},"end":{"line":2,"column":34}},"2":{"start":{"line":3,"column":19},"end":{"line":3,"column":40}},"3":{"start":{"line":4,"column":11},"end":{"line":4,"column":27}},"4":{"start":{"line":5,"column":21},"end":{"line":5,"column":58}},"5":{"start":{"line":7,"column":15},"end":{"line":7,"column":31}},"6":{"start":{"line":10,"column":2},"end":{"line":16,"column":5}},"7":{"start":{"line":20,"column":16},"end":{"line":20,"column":76}},"8":{"start":{"line":21,"column":2},"end":{"line":21,"column":96}},"9":{"start":{"line":21,"column":38},"end":{"line":21,"column":85}},"10":{"start":{"line":25,"column":0},"end":{"line":69,"column":3}},"11":{"start":{"line":26,"column":30},"end":{"line":26,"column":38}},"12":{"start":{"line":27,"column":2},"end":{"line":29,"column":3}},"13":{"start":{"line":28,"column":4},"end":{"line":28,"column":79}},"14":{"start":{"line":31,"column":19},"end":{"line":31,"column":101}},"15":{"start":{"line":32,"column":2},"end":{"line":32,"column":98}},"16":{"start":{"line":32,"column":16},"end":{"line":32,"column":98}},"17":{"start":{"line":34,"column":23},"end":{"line":34,"column":41}},"18":{"start":{"line":35,"column":15},"end":{"line":35,"column":48}},"19":{"start":{"line":37,"column":2},"end":{"line":39,"column":69}},"20":{"start":{"line":41,"column":2},"end":{"line":66,"column":3}},"21":{"start":{"line":42,"column":22},"end":{"line":42,"column":37}},"22":{"start":{"line":43,"column":4},"end":{"line":62,"column":7}},"23":{"start":{"line":64,"column":4},"end":{"line":64,"column":47}},"24":{"start":{"line":65,"column":4},"end":{"line":65,"column":120}},"25":{"start":{"line":68,"column":2},"end":{"line":68,"column":89}},"26":{"start":{"line":72,"column":0},"end":{"line":77,"column":3}},"27":{"start":{"line":73,"column":16},"end":{"line":75,"column":9}},"28":{"start":{"line":76,"column":2},"end":{"line":76,"column":18}},"29":{"start":{"line":80,"column":0},"end":{"line":83,"column":3}},"30":{"start":{"line":81,"column":2},"end":{"line":81,"column":66}},"31":{"start":{"line":82,"column":2},"end":{"line":82,"column":42}},"32":{"start":{"line":85,"column":0},"end":{"line":85,"column":24}}},"fnMap":{"0":{"name":"makeTransport","decl":{"start":{"line":9,"column":9},"end":{"line":9,"column":22}},"loc":{"start":{"line":9,"column":25},"end":{"line":17,"column":1}},"line":9},"1":{"name":"generatePassword","decl":{"start":{"line":19,"column":9},"end":{"line":19,"column":25}},"loc":{"start":{"line":19,"column":39},"end":{"line":22,"column":1}},"line":19},"2":{"name":"(anonymous_2)","decl":{"start":{"line":21,"column":32},"end":{"line":21,"column":33}},"loc":{"start":{"line":21,"column":38},"end":{"line":21,"column":85}},"line":21},"3":{"name":"(anonymous_3)","decl":{"start":{"line":25,"column":36},"end":{"line":25,"column":37}},"loc":{"start":{"line":25,"column":56},"end":{"line":69,"column":1}},"line":25},"4":{"name":"(anonymous_4)","decl":{"start":{"line":72,"column":35},"end":{"line":72,"column":36}},"loc":{"start":{"line":72,"column":49},"end":{"line":77,"column":1}},"line":72},"5":{"name":"(anonymous_5)","decl":{"start":{"line":80,"column":42},"end":{"line":80,"column":43}},"loc":{"start":{"line":80,"column":56},"end":{"line":83,"column":1}},"line":80}},"branchMap":{"0":{"loc":{"start":{"line":19,"column":26},"end":{"line":19,"column":37}},"type":"default-arg","locations":[{"start":{"line":19,"column":35},"end":{"line":19,"column":37}}],"line":19},"1":{"loc":{"start":{"line":27,"column":2},"end":{"line":29,"column":3}},"type":"if","locations":[{"start":{"line":27,"column":2},"end":{"line":29,"column":3}},{"start":{},"end":{}}],"line":27},"2":{"loc":{"start":{"line":27,"column":6},"end":{"line":27,"column":25}},"type":"binary-expr","locations":[{"start":{"line":27,"column":6},"end":{"line":27,"column":15}},{"start":{"line":27,"column":19},"end":{"line":27,"column":25}}],"line":27},"3":{"loc":{"start":{"line":32,"column":2},"end":{"line":32,"column":98}},"type":"if","locations":[{"start":{"line":32,"column":2},"end":{"line":32,"column":98}},{"start":{},"end":{}}],"line":32}},"s":{"0":1,"1":1,"2":1,"3":1,"4":1,"5":1,"6":0,"7":0,"8":0,"9":0,"10":1,"11":0,"12":0,"13":0,"14":0,"15":0,"16":0,"17":0,"18":0,"19":0,"20":0,"21":0,"22":0,"23":0,"24":0,"25":0,"26":1,"27":0,"28":0,"29":1,"30":0,"31":0,"32":1},"f":{"0":0,"1":0,"2":0,"3":0,"4":0,"5":0},"b":{"0":[0],"1":[0,0],"2":[0,0],"3":[0,0]},"_coverageSchema":"1a1c01bbd47fc00a2c39e90264f33305004495a9","hash":"684265dc01813c1157e4c39e932c2ef038e2235a"}
,"C:\\Claude_Project\\ucosa-na\\src\\routes\\auth.js": {"path":"C:\\Claude_Project\\ucosa-na\\src\\routes\\auth.js","statementMap":{"0":{"start":{"line":1,"column":16},"end":{"line":1,"column":34}},"1":{"start":{"line":2,"column":15},"end":{"line":2,"column":34}},"2":{"start":{"line":3,"column":12},"end":{"line":3,"column":35}},"3":{"start":{"line":4,"column":11},"end":{"line":4,"column":27}},"4":{"start":{"line":5,"column":20},"end":{"line":5,"column":56}},"5":{"start":{"line":7,"column":15},"end":{"line":7,"column":31}},"6":{"start":{"line":10,"column":0},"end":{"line":33,"column":3}},"7":{"start":{"line":11,"column":30},"end":{"line":11,"column":38}},"8":{"start":{"line":12,"column":2},"end":{"line":14,"column":3}},"9":{"start":{"line":13,"column":4},"end":{"line":13,"column":74}},"10":{"start":{"line":16,"column":15},"end":{"line":16,"column":96}},"11":{"start":{"line":17,"column":2},"end":{"line":17,"column":81}},"12":{"start":{"line":17,"column":13},"end":{"line":17,"column":81}},"13":{"start":{"line":19,"column":16},"end":{"line":19,"column":64}},"14":{"start":{"line":20,"column":2},"end":{"line":20,"column":82}},"15":{"start":{"line":20,"column":14},"end":{"line":20,"column":82}},"16":{"start":{"line":22,"column":16},"end":{"line":26,"column":3}},"17":{"start":{"line":28,"column":2},"end":{"line":32,"column":5}},"18":{"start":{"line":36,"column":0},"end":{"line":54,"column":3}},"19":{"start":{"line":37,"column":43},"end":{"line":37,"column":51}},"20":{"start":{"line":38,"column":2},"end":{"line":40,"column":3}},"21":{"start":{"line":39,"column":4},"end":{"line":39,"column":85}},"22":{"start":{"line":41,"column":2},"end":{"line":43,"column":3}},"23":{"start":{"line":42,"column":4},"end":{"line":42,"column":89}},"24":{"start":{"line":45,"column":15},"end":{"line":45,"column":78}},"25":{"start":{"line":46,"column":2},"end":{"line":48,"column":3}},"26":{"start":{"line":47,"column":4},"end":{"line":47,"column":76}},"27":{"start":{"line":50,"column":15},"end":{"line":50,"column":47}},"28":{"start":{"line":51,"column":2},"end":{"line":51,"column":109}},"29":{"start":{"line":53,"column":2},"end":{"line":53,"column":57}},"30":{"start":{"line":57,"column":0},"end":{"line":61,"column":3}},"31":{"start":{"line":58,"column":15},"end":{"line":58,"column":125}},"32":{"start":{"line":59,"column":2},"end":{"line":59,"column":70}},"33":{"start":{"line":59,"column":13},"end":{"line":59,"column":70}},"34":{"start":{"line":60,"column":2},"end":{"line":60,"column":139}},"35":{"start":{"line":63,"column":0},"end":{"line":63,"column":24}}},"fnMap":{"0":{"name":"(anonymous_0)","decl":{"start":{"line":10,"column":22},"end":{"line":10,"column":23}},"loc":{"start":{"line":10,"column":36},"end":{"line":33,"column":1}},"line":10},"1":{"name":"(anonymous_1)","decl":{"start":{"line":36,"column":45},"end":{"line":36,"column":46}},"loc":{"start":{"line":36,"column":59},"end":{"line":54,"column":1}},"line":36},"2":{"name":"(anonymous_2)","decl":{"start":{"line":57,"column":31},"end":{"line":57,"column":32}},"loc":{"start":{"line":57,"column":45},"end":{"line":61,"column":1}},"line":57}},"branchMap":{"0":{"loc":{"start":{"line":12,"column":2},"end":{"line":14,"column":3}},"type":"if","locations":[{"start":{"line":12,"column":2},"end":{"line":14,"column":3}},{"start":{},"end":{}}],"line":12},"1":{"loc":{"start":{"line":12,"column":6},"end":{"line":12,"column":25}},"type":"binary-expr","locations":[{"start":{"line":12,"column":6},"end":{"line":12,"column":12}},{"start":{"line":12,"column":16},"end":{"line":12,"column":25}}],"line":12},"2":{"loc":{"start":{"line":17,"column":2},"end":{"line":17,"column":81}},"type":"if","locations":[{"start":{"line":17,"column":2},"end":{"line":17,"column":81}},{"start":{},"end":{}}],"line":17},"3":{"loc":{"start":{"line":20,"column":2},"end":{"line":20,"column":82}},"type":"if","locations":[{"start":{"line":20,"column":2},"end":{"line":20,"column":82}},{"start":{},"end":{}}],"line":20},"4":{"loc":{"start":{"line":38,"column":2},"end":{"line":40,"column":3}},"type":"if","locations":[{"start":{"line":38,"column":2},"end":{"line":40,"column":3}},{"start":{},"end":{}}],"line":38},"5":{"loc":{"start":{"line":38,"column":6},"end":{"line":38,"column":38}},"type":"binary-expr","locations":[{"start":{"line":38,"column":6},"end":{"line":38,"column":22}},{"start":{"line":38,"column":26},"end":{"line":38,"column":38}}],"line":38},"6":{"loc":{"start":{"line":41,"column":2},"end":{"line":43,"column":3}},"type":"if","locations":[{"start":{"line":41,"column":2},"end":{"line":43,"column":3}},{"start":{},"end":{}}],"line":41},"7":{"loc":{"start":{"line":46,"column":2},"end":{"line":48,"column":3}},"type":"if","locations":[{"start":{"line":46,"column":2},"end":{"line":48,"column":3}},{"start":{},"end":{}}],"line":46},"8":{"loc":{"start":{"line":59,"column":2},"end":{"line":59,"column":70}},"type":"if","locations":[{"start":{"line":59,"column":2},"end":{"line":59,"column":70}},{"start":{},"end":{}}],"line":59}},"s":{"0":1,"1":1,"2":1,"3":1,"4":1,"5":1,"6":1,"7":2,"8":2,"9":1,"10":1,"11":1,"12":1,"13":0,"14":0,"15":0,"16":0,"17":0,"18":1,"19":0,"20":0,"21":0,"22":0,"23":0,"24":0,"25":0,"26":0,"27":0,"28":0,"29":0,"30":1,"31":0,"32":0,"33":0,"34":0,"35":1},"f":{"0":2,"1":0,"2":0},"b":{"0":[1,1],"1":[2,1],"2":[1,0],"3":[0,0],"4":[0,0],"5":[0,0],"6":[0,0],"7":[0,0],"8":[0,0]},"_coverageSchema":"1a1c01bbd47fc00a2c39e90264f33305004495a9","hash":"d2bf72debb1382f9b4816ce0f6d110e6bce371d0"}
}
