TN:
SF:src\db.js
FNF:0
FNH:0
DA:1,1
DA:2,1
DA:3,1
DA:5,1
DA:6,1
DA:8,1
DA:10,1
DA:22,1
LF:8
LH:8
BRDA:5,0,0,1
BRDA:5,0,1,1
BRDA:6,1,0,0
BRDA:6,1,1,1
BRF:4
BRH:3
end_of_record
TN:
SF:src\index.js
FN:24,(anonymous_0)
FN:28,(anonymous_1)
FN:33,(anonymous_2)
FNF:3
FNH:3
FNDA:1,(anonymous_0)
FNDA:1,(anonymous_1)
FNDA:1,(anonymous_2)
DA:1,1
DA:2,1
DA:3,1
DA:4,1
DA:5,1
DA:6,1
DA:8,1
DA:9,1
DA:11,1
DA:12,1
DA:13,1
DA:14,1
DA:17,1
DA:18,1
DA:21,1
DA:22,1
DA:24,1
DA:25,1
DA:28,1
DA:29,1
DA:30,0
DA:33,1
DA:34,1
DA:37,1
LF:24
LH:23
BRDA:9,0,0,1
BRDA:9,0,1,1
BRDA:29,1,0,1
BRDA:29,1,1,0
BRDA:34,2,0,1
BRDA:34,2,1,0
BRF:6
BRH:4
end_of_record
TN:
SF:src\middleware\requireAdmin.js
FN:3,requireAdmin
FN:4,(anonymous_1)
FNF:2
FNH:1
FNDA:1,requireAdmin
FNDA:0,(anonymous_1)
DA:1,1
DA:3,1
DA:4,1
DA:5,0
DA:6,0
DA:8,0
LF:6
LH:3
BRDA:5,0,0,0
BRDA:5,0,1,0
BRF:2
BRH:0
end_of_record
TN:
SF:src\middleware\requireAuth.js
FN:3,requireAuth
FNF:1
FNH:1
FNDA:3,requireAuth
DA:1,1
DA:3,1
DA:4,3
DA:5,3
DA:6,2
DA:8,1
DA:9,1
DA:10,0
DA:12,1
LF:9
LH:8
BRDA:5,0,0,2
BRDA:5,0,1,1
BRDA:5,1,0,3
BRDA:5,1,1,1
BRF:4
BRH:4
end_of_record
TN:
SF:src\routes\admin.js
FN:9,makeTransport
FN:19,generatePassword
FN:21,(anonymous_2)
FN:25,(anonymous_3)
FN:72,(anonymous_4)
FN:80,(anonymous_5)
FNF:6
FNH:0
FNDA:0,makeTransport
FNDA:0,generatePassword
FNDA:0,(anonymous_2)
FNDA:0,(anonymous_3)
FNDA:0,(anonymous_4)
FNDA:0,(anonymous_5)
DA:1,1
DA:2,1
DA:3,1
DA:4,1
DA:5,1
DA:7,1
DA:10,0
DA:20,0
DA:21,0
DA:25,1
DA:26,0
DA:27,0
DA:28,0
DA:31,0
DA:32,0
DA:34,0
DA:35,0
DA:37,0
DA:41,0
DA:42,0
DA:43,0
DA:64,0
DA:65,0
DA:68,0
DA:72,1
DA:73,0
DA:76,0
DA:80,1
DA:81,0
DA:82,0
DA:85,1
LF:31
LH:10
BRDA:19,0,0,0
BRDA:27,1,0,0
BRDA:27,1,1,0
BRDA:27,2,0,0
BRDA:27,2,1,0
BRDA:32,3,0,0
BRDA:32,3,1,0
BRF:7
BRH:0
end_of_record
TN:
SF:src\routes\auth.js
FN:10,(anonymous_0)
FN:36,(anonymous_1)
FN:57,(anonymous_2)
FNF:3
FNH:1
FNDA:2,(anonymous_0)
FNDA:0,(anonymous_1)
FNDA:0,(anonymous_2)
DA:1,1
DA:2,1
DA:3,1
DA:4,1
DA:5,1
DA:7,1
DA:10,1
DA:11,2
DA:12,2
DA:13,1
DA:16,1
DA:17,1
DA:19,0
DA:20,0
DA:22,0
DA:28,0
DA:36,1
DA:37,0
DA:38,0
DA:39,0
DA:41,0
DA:42,0
DA:45,0
DA:46,0
DA:47,0
DA:50,0
DA:51,0
DA:53,0
DA:57,1
DA:58,0
DA:59,0
DA:60,0
DA:63,1
LF:33
LH:15
BRDA:12,0,0,1
BRDA:12,0,1,1
BRDA:12,1,0,2
BRDA:12,1,1,1
BRDA:17,2,0,1
BRDA:17,2,1,0
BRDA:20,3,0,0
BRDA:20,3,1,0
BRDA:38,4,0,0
BRDA:38,4,1,0
BRDA:38,5,0,0
BRDA:38,5,1,0
BRDA:41,6,0,0
BRDA:41,6,1,0
BRDA:46,7,0,0
BRDA:46,7,1,0
BRDA:59,8,0,0
BRDA:59,8,1,0
BRF:18
BRH:5
end_of_record
